Removed Pin From Net: NetName=DO0 Pin=U1-19
Removed Pin From Net: NetName=DO1 Pin=U1-20
Removed Pin From Net: NetName=DO2 Pin=U1-21
Removed Pin From Net: NetName=DO3 Pin=U1-22
Removed Pin From Net: NetName=DO4 Pin=U1-23
Removed Pin From Net: NetName=DO5 Pin=U1-24
Removed Pin From Net: NetName=DI7 Pin=U1-30
Removed Pin From Net: NetName=DI6 Pin=U1-31
Removed Pin From Net: NetName=DI5 Pin=U1-32
Removed Pin From Net: NetName=DI4 Pin=U1-33
Removed Pin From Net: NetName=DI3 Pin=U1-34
Removed Pin From Net: NetName=DI2 Pin=U1-35
Removed Pin From Net: NetName=DI1 Pin=U1-36
Removed Pin From Net: NetName=DI0 Pin=U1-37
Added Pin To Net: NetName=GND_EX Pin=F2-2
Added Pin To Net: NetName=DO5 Pin=U1-19
Added Pin To Net: NetName=DO4 Pin=U1-20
Added Pin To Net: NetName=DO3 Pin=U1-21
Added Pin To Net: NetName=DO2 Pin=U1-22
Added Pin To Net: NetName=DO1 Pin=U1-23
Added Pin To Net: NetName=DO0 Pin=U1-24
Added Pin To Net: NetName=DI0 Pin=U1-30
Added Pin To Net: NetName=DI1 Pin=U1-31
Added Pin To Net: NetName=DI2 Pin=U1-32
Added Pin To Net: NetName=DI3 Pin=U1-33
Added Pin To Net: NetName=DI4 Pin=U1-34
Added Pin To Net: NetName=DI5 Pin=U1-35
Added Pin To Net: NetName=DI6 Pin=U1-36
Added Pin To Net: NetName=DI7 Pin=U1-37
Added Room: Name=sem8700
