Change Component Footprint: Designator=P1 Old Footprint=PCB_rele_TRJ New Footprint=PCB_RELE_TRJ1
Change Component Footprint: Designator=P2 Old Footprint=PCB_rele_TRJ New Footprint=PCB_RELE_TRJ1
Change Component Footprint: Designator=P3 Old Footprint=PCB_rele_TRJ New Footprint=PCB_RELE_TRJ1
Change Component Footprint: Designator=P4 Old Footprint=PCB_rele_TRJ New Footprint=PCB_RELE_TRJ1
Change Component Footprint: Designator=PW2 Old Footprint=TMA_1W New Footprint=TMA_1W_new
Change Component Comment : Designator=R20 Old Comment=1k2 New Comment=3k6
Change Component Comment : Designator=R21 Old Comment=3k6 New Comment=1k2
Change Component Comment : Designator=ZQ1 Old Comment=7.3728 New Comment=14.7456
Change Component Comment : Designator=C13 Old Comment=20p New Comment=22p
Change Component Comment : Designator=C14 Old Comment=20p New Comment=22p
Change Component Comment : Designator=R2 Old Comment=47k New Comment=4k7
Change Component Comment : Designator=R4 Old Comment=47k New Comment=4k7
Change Component Comment : Designator=R6 Old Comment=47k New Comment=4k7
Change Component Comment : Designator=R8 Old Comment=47k New Comment=4k7
Change Component Comment : Designator=R10 Old Comment=47k New Comment=4k7
Change Component Comment : Designator=R12 Old Comment=47k New Comment=4k7
Change Component Comment : Designator=R14 Old Comment=47k New Comment=4k7
Change Component Comment : Designator=R16 Old Comment=47k New Comment=4k7
Change Component Comment : Designator=R18 Old Comment=47k New Comment=4k7
Change Component Designator: OldDesignator=P1 NewDesignator=P4
Change Component Designator: OldDesignator=P2 NewDesignator=P3
Change Component Designator: OldDesignator=P3 NewDesignator=P2
Change Component Designator: OldDesignator=P4 NewDesignator=P1
Change Net Name : Old Net Name=DI0 New Net Name=DI8
Change Net Name : Old Net Name=DI1 New Net Name=DI7
Change Net Name : Old Net Name=DI2 New Net Name=DI6
Change Net Name : Old Net Name=DI3 New Net Name=DI5
Change Net Name : Old Net Name=DI5 New Net Name=DI3
Change Net Name : Old Net Name=DI6 New Net Name=DI2
Change Net Name : Old Net Name=DI7 New Net Name=DI1
Change Net Name : Old Net Name=DIN_0 New Net Name=DIN_8
Change Net Name : Old Net Name=DIN_1 New Net Name=DIN_7
Change Net Name : Old Net Name=DIN_2 New Net Name=DIN_6
Change Net Name : Old Net Name=DIN_3 New Net Name=DIN_5
Change Net Name : Old Net Name=DIN_5 New Net Name=DIN_3
Change Net Name : Old Net Name=DIN_6 New Net Name=DIN_2
Change Net Name : Old Net Name=DIN_7 New Net Name=DIN_1
Change Net Name : Old Net Name=DO0 New Net Name=DO6
Change Net Name : Old Net Name=DO1 New Net Name=DO5
Change Net Name : Old Net Name=DO2 New Net Name=DO4
Change Net Name : Old Net Name=DO4 New Net Name=DO2
Change Net Name : Old Net Name=DO5 New Net Name=DO1
Change Net Name : Old Net Name=NetP1_5 New Net Name=NetP4_5
Change Net Name : Old Net Name=NetP2_5 New Net Name=NetP3_5
Change Net Name : Old Net Name=NetP3_5 New Net Name=NetP2_5
Change Net Name : Old Net Name=NetP4_5 New Net Name=NetP1_5
Added Room: Name=sem8700
