Removed Pin From Net: NetName=NetJ2_1 Pin=P1-2
Removed Pin From Net: NetName=NetJ2_2 Pin=P1-3
Removed Pin From Net: NetName=NetJ2_1 Pin=P1-4
Removed Pin From Net: NetName=NetJ2_3 Pin=P2-2
Removed Pin From Net: NetName=NetJ2_4 Pin=P2-3
Removed Pin From Net: NetName=NetJ2_3 Pin=P2-4
Removed Pin From Net: NetName=NetJ2_5 Pin=P3-2
Removed Pin From Net: NetName=NetJ2_6 Pin=P3-3
Removed Pin From Net: NetName=NetJ2_5 Pin=P3-4
Removed Pin From Net: NetName=NetJ2_7 Pin=P4-2
Removed Pin From Net: NetName=NetJ2_8 Pin=P4-3
Removed Pin From Net: NetName=NetJ2_7 Pin=P4-4
Removed Pin From Net: NetName=NetJ2_9 Pin=UC1-15
Removed Pin From Net: NetName=NetJ2_10 Pin=UC1-16
Added Pin To Net: NetName=NetJ2_3 Pin=P1-2
Added Pin To Net: NetName=NetJ2_4 Pin=P1-3
Added Pin To Net: NetName=NetJ2_3 Pin=P1-4
Added Pin To Net: NetName=NetJ2_5 Pin=P2-2
Added Pin To Net: NetName=NetJ2_6 Pin=P2-3
Added Pin To Net: NetName=NetJ2_5 Pin=P2-4
Added Pin To Net: NetName=NetJ2_7 Pin=P3-2
Added Pin To Net: NetName=NetJ2_8 Pin=P3-3
Added Pin To Net: NetName=NetJ2_7 Pin=P3-4
Added Pin To Net: NetName=NetJ2_9 Pin=P4-2
Added Pin To Net: NetName=NetJ2_10 Pin=P4-3
Added Pin To Net: NetName=NetJ2_9 Pin=P4-4
Added Pin To Net: NetName=NetJ2_2 Pin=UC1-15
Added Pin To Net: NetName=NetJ2_1 Pin=UC1-16
Added Room: Name=sem8700
