Removed Pin From Net: NetName=+24V Pin=P1-1
Removed Pin From Net: NetName=NetJ2_2 Pin=P1-2
Removed Pin From Net: NetName=NetJ2_1 Pin=P1-3
Removed Pin From Net: NetName=NetJ2_2 Pin=P1-4
Removed Pin From Net: NetName=+24V Pin=P2-1
Removed Pin From Net: NetName=NetJ2_2 Pin=P2-2
Removed Pin From Net: NetName=NetJ2_3 Pin=P2-3
Removed Pin From Net: NetName=NetJ2_2 Pin=P2-4
Removed Pin From Net: NetName=+24V Pin=P3-1
Removed Pin From Net: NetName=NetJ2_4 Pin=P3-3
Removed Pin From Net: NetName=+24V Pin=P4-1
Removed Pin From Net: NetName=NetJ2_5 Pin=P4-2
Removed Pin From Net: NetName=NetJ2_6 Pin=P4-3
Removed Pin From Net: NetName=NetJ2_5 Pin=P4-4
Removed Pin From Net: NetName=+24V Pin=P5-1
Removed Pin From Net: NetName=NetJ2_7 Pin=P5-2
Removed Pin From Net: NetName=NetJ2_8 Pin=P5-3
Removed Pin From Net: NetName=NetJ2_7 Pin=P5-4
Removed Pin From Net: NetName=+24V Pin=P6-1
Removed Pin From Net: NetName=NetJ2_9 Pin=P6-2
Removed Pin From Net: NetName=NetJ2_10 Pin=P6-3
Removed Pin From Net: NetName=NetJ2_9 Pin=P6-4
Removed Pin From Net: NetName=+24V Pin=UC1-9
Removed Member From Class: ClassName=sem8700 Member=P5
Removed Member From Class: ClassName=sem8700 Member=P6
Added Pin To Net: NetName=NetD11_1 Pin=P1-1
Added Pin To Net: NetName=NetJ2_1 Pin=P1-2
Added Pin To Net: NetName=NetJ2_2 Pin=P1-3
Added Pin To Net: NetName=NetJ2_1 Pin=P1-4
Added Pin To Net: NetName=NetD11_1 Pin=P2-1
Added Pin To Net: NetName=NetJ2_3 Pin=P2-2
Added Pin To Net: NetName=NetJ2_4 Pin=P2-3
Added Pin To Net: NetName=NetJ2_3 Pin=P2-4
Added Pin To Net: NetName=NetD11_1 Pin=P3-1
Added Pin To Net: NetName=NetJ2_6 Pin=P3-3
Added Pin To Net: NetName=NetD11_1 Pin=P4-1
Added Pin To Net: NetName=NetJ2_7 Pin=P4-2
Added Pin To Net: NetName=NetJ2_8 Pin=P4-3
Added Pin To Net: NetName=NetJ2_7 Pin=P4-4
Added Pin To Net: NetName=NetD11_1 Pin=UC1-9
Added Pin To Net: NetName=NetJ2_10 Pin=UC1-11
Added Pin To Net: NetName=NetJ2_9 Pin=UC1-12
Change Net Name : Old Net Name=+24V New Net Name=NetC2_1
Change Net Name : Old Net Name=NetD11_1 New Net Name=+24V
Added Room: Name=sem8700
