Removed Pin From Net: NetName=GND_EX Pin=D1-1
Removed Pin From Net: NetName=+24V_EX Pin=D1-2
Removed Pin From Net: NetName=GND_EX Pin=D2-1
Removed Pin From Net: NetName=+24V_EX Pin=D2-2
Removed Pin From Net: NetName=GND_EX Pin=D3-1
Removed Pin From Net: NetName=+24V_EX Pin=D3-2
Removed Pin From Net: NetName=GND_EX Pin=D4-1
Removed Pin From Net: NetName=+24V_EX Pin=D4-2
Removed Pin From Net: NetName=GND_EX Pin=D5-1
Removed Pin From Net: NetName=+24V_EX Pin=D5-2
Removed Pin From Net: NetName=GND_EX Pin=D6-1
Removed Pin From Net: NetName=+24V_EX Pin=D6-2
Removed Pin From Net: NetName=GND_EX Pin=D7-1
Removed Pin From Net: NetName=+24V_EX Pin=D7-2
Removed Pin From Net: NetName=GND_EX Pin=D8-1
Removed Pin From Net: NetName=+24V_EX Pin=D8-2
Removed Pin From Net: NetName=GND_EX Pin=D10-1
Removed Pin From Net: NetName=+24V_EX Pin=D10-2
Removed Pin From Net: NetName=NetC1_1 Pin=D10-3
Removed Pin From Net: NetName=NetJ2_9 Pin=P1-2
Removed Pin From Net: NetName=NetJ2_10 Pin=P1-3
Removed Pin From Net: NetName=NetJ2_9 Pin=P1-4
Removed Pin From Net: NetName=NetJ2_7 Pin=P2-2
Removed Pin From Net: NetName=NetJ2_8 Pin=P2-3
Removed Pin From Net: NetName=NetJ2_7 Pin=P2-4
Removed Pin From Net: NetName=NetJ2_5 Pin=P3-2
Removed Pin From Net: NetName=NetJ2_6 Pin=P3-3
Removed Pin From Net: NetName=NetJ2_5 Pin=P3-4
Removed Pin From Net: NetName=NetJ2_3 Pin=P4-2
Removed Pin From Net: NetName=NetJ2_4 Pin=P4-3
Removed Pin From Net: NetName=NetJ2_3 Pin=P4-4
Removed Member From Class: ClassName=sem8700 Member=D1
Removed Member From Class: ClassName=sem8700 Member=D2
Removed Member From Class: ClassName=sem8700 Member=D3
Removed Member From Class: ClassName=sem8700 Member=D4
Removed Member From Class: ClassName=sem8700 Member=D5
Removed Member From Class: ClassName=sem8700 Member=D6
Removed Member From Class: ClassName=sem8700 Member=D7
Removed Member From Class: ClassName=sem8700 Member=D8
Removed Member From Class: ClassName=sem8700 Member=D10
Added Component: Designator=R30(RESC2113X0805N)
Added Component: Designator=R31(RESC2113X0805N)
Added Component: Designator=R32(RESC2113X0805N)
Added Component: Designator=R33(RESC2113X0805N)
Added Component: Designator=R34(RESC2113X0805N)
Added Component: Designator=R35(RESC2113X0805N)
Added Component: Designator=R36(RESC2113X0805N)
Added Component: Designator=R37(RESC2113X0805N)
Added Component: Designator=R38(RESC2113X0805N)
Added Pin To Net: NetName=NetJ2_10 Pin=P1-2
Added Pin To Net: NetName=NetJ2_9 Pin=P1-3
Added Pin To Net: NetName=NetJ2_10 Pin=P1-4
Added Pin To Net: NetName=NetJ2_8 Pin=P2-2
Added Pin To Net: NetName=NetJ2_7 Pin=P2-3
Added Pin To Net: NetName=NetJ2_8 Pin=P2-4
Added Pin To Net: NetName=NetJ2_6 Pin=P3-2
Added Pin To Net: NetName=NetJ2_5 Pin=P3-3
Added Pin To Net: NetName=NetJ2_6 Pin=P3-4
Added Pin To Net: NetName=NetJ2_4 Pin=P4-2
Added Pin To Net: NetName=NetJ2_3 Pin=P4-3
Added Pin To Net: NetName=NetJ2_4 Pin=P4-4
Added Pin To Net: NetName=GND_EX Pin=R30-1
Added Pin To Net: NetName=GND_EX Pin=R31-1
Added Pin To Net: NetName=GND_EX Pin=R32-1
Added Pin To Net: NetName=GND_EX Pin=R33-1
Added Pin To Net: NetName=GND_EX Pin=R34-1
Added Pin To Net: NetName=GND_EX Pin=R35-1
Added Pin To Net: NetName=GND_EX Pin=R36-1
Added Pin To Net: NetName=GND_EX Pin=R37-1
Added Pin To Net: NetName=GND_EX Pin=R38-1
Added Pin To Net: NetName=NetC1_1 Pin=R38-2
Added Pin To Net: NetName=NetOP1_1 Pin=OP1-1
Added Pin To Net: NetName=NetOP1_1 Pin=R1-2
Added Pin To Net: NetName=NetOP1_1 Pin=R30-2
Added Net: Name=NetOP1_1
Added Pin To Net: NetName=NetOP2_1 Pin=OP2-1
Added Pin To Net: NetName=NetOP2_1 Pin=R3-2
Added Pin To Net: NetName=NetOP2_1 Pin=R31-2
Added Net: Name=NetOP2_1
Added Pin To Net: NetName=NetOP3_1 Pin=OP3-1
Added Pin To Net: NetName=NetOP3_1 Pin=R5-2
Added Pin To Net: NetName=NetOP3_1 Pin=R32-2
Added Net: Name=NetOP3_1
Added Pin To Net: NetName=NetOP4_1 Pin=OP4-1
Added Pin To Net: NetName=NetOP4_1 Pin=R7-2
Added Pin To Net: NetName=NetOP4_1 Pin=R33-2
Added Net: Name=NetOP4_1
Added Pin To Net: NetName=NetOP5_1 Pin=OP5-1
Added Pin To Net: NetName=NetOP5_1 Pin=R9-2
Added Pin To Net: NetName=NetOP5_1 Pin=R34-2
Added Net: Name=NetOP5_1
Added Pin To Net: NetName=NetOP6_1 Pin=OP6-1
Added Pin To Net: NetName=NetOP6_1 Pin=R11-2
Added Pin To Net: NetName=NetOP6_1 Pin=R35-2
Added Net: Name=NetOP6_1
Added Pin To Net: NetName=NetOP7_1 Pin=OP7-1
Added Pin To Net: NetName=NetOP7_1 Pin=R13-2
Added Pin To Net: NetName=NetOP7_1 Pin=R36-2
Added Net: Name=NetOP7_1
Added Pin To Net: NetName=NetOP8_1 Pin=OP8-1
Added Pin To Net: NetName=NetOP8_1 Pin=R15-2
Added Pin To Net: NetName=NetOP8_1 Pin=R37-2
Added Net: Name=NetOP8_1
Added Member To Class: ClassName=sem8700 Member=Component R30 1k
Added Member To Class: ClassName=sem8700 Member=Component R31 1k
Added Member To Class: ClassName=sem8700 Member=Component R32 1k
Added Member To Class: ClassName=sem8700 Member=Component R33 1k
Added Member To Class: ClassName=sem8700 Member=Component R34 1k
Added Member To Class: ClassName=sem8700 Member=Component R35 1k
Added Member To Class: ClassName=sem8700 Member=Component R36 1k
Added Member To Class: ClassName=sem8700 Member=Component R37 1k
Added Member To Class: ClassName=sem8700 Member=Component R38 1k
Added Room: Name=sem8700
