Added Component: Designator=C1(CAPC2113X13N_0805)
Added Component: Designator=C2(Cap_2(10x12.5))
Added Component: Designator=C3(CAPC2113X13N_0805)
Added Component: Designator=C4(CAPC2113X13N_0805)
Added Component: Designator=C5(Cap_2(10x12.5))
Added Component: Designator=C6(CAPC2113X13N_0805)
Added Component: Designator=C7(Cap_4(5x10))
Added Component: Designator=C8(CAPC2113X13N_0805)
Added Component: Designator=C9(CAPC2113X13N_0805)
Added Component: Designator=C10(CAPC2113X13N_0805)
Added Component: Designator=C11(CAPC2113X13N_0805)
Added Component: Designator=C12(CAPC2113X13N_0805)
Added Component: Designator=C13(CAPC2113X13N_0805)
Added Component: Designator=C14(CAPC2113X13N_0805)
Added Component: Designator=C15(CAPC2113X13N_0805)
Added Component: Designator=C16(CAPC2113X13N_0805)
Added Component: Designator=D1(BAT54S_1)
Added Component: Designator=D2(BAT54S_1)
Added Component: Designator=D3(BAT54S_1)
Added Component: Designator=D4(BAT54S_1)
Added Component: Designator=D5(BAT54S_1)
Added Component: Designator=D6(BAT54S_1)
Added Component: Designator=D7(BAT54S_1)
Added Component: Designator=D8(BAT54S_1)
Added Component: Designator=D9(SMB_1)
Added Component: Designator=D10(BAT54S_1)
Added Component: Designator=D11(DIOD_SMA)
Added Component: Designator=D12(SMB_1)
Added Component: Designator=D13(DIOD_SMA)
Added Component: Designator=D14(SOT23_diod_ESDA)
Added Component: Designator=F1(Fuse_termo)
Added Component: Designator=F2(Fuse_termo)
Added Component: Designator=IC1(SOIC_SO-8)
Added Component: Designator=ISP(ISP_1)
Added Component: Designator=J1(conn12_2)
Added Component: Designator=J2(conn12_2)
Added Component: Designator=JP1(JP_2_2.5)
Added Component: Designator=JP11(JP_2_2.5)
Added Component: Designator=L2(Dr_1)
Added Component: Designator=OP1(SOIC127_TPL)
Added Component: Designator=OP2(SOIC127_TPL)
Added Component: Designator=OP3(SOIC127_TPL)
Added Component: Designator=OP4(SOIC127_TPL)
Added Component: Designator=OP5(SOIC127_TPL)
Added Component: Designator=OP6(SOIC127_TPL)
Added Component: Designator=OP7(SOIC127_TPL)
Added Component: Designator=OP8(SOIC127_TPL)
Added Component: Designator=OP9(SOIC127_TPL)
Added Component: Designator=P1(PCB_rele_TRJ)
Added Component: Designator=P2(PCB_rele_TRJ)
Added Component: Designator=P3(PCB_rele_TRJ)
Added Component: Designator=P4(PCB_rele_TRJ)
Added Component: Designator=P5(PCB_rele_TRJ)
Added Component: Designator=P6(PCB_rele_TRJ)
Added Component: Designator=PW2(TMA_1W)
Added Component: Designator=R1(RES_1206)
Added Component: Designator=R2(RESC2113X0805N)
Added Component: Designator=R3(RES_1206)
Added Component: Designator=R4(RESC2113X0805N)
Added Component: Designator=R5(RES_1206)
Added Component: Designator=R6(RESC2113X0805N)
Added Component: Designator=R7(RES_1206)
Added Component: Designator=R8(RESC2113X0805N)
Added Component: Designator=R9(RES_1206)
Added Component: Designator=R10(RESC2113X0805N)
Added Component: Designator=R11(RES_1206)
Added Component: Designator=R12(RESC2113X0805N)
Added Component: Designator=R13(RES_1206)
Added Component: Designator=R14(RESC2113X0805N)
Added Component: Designator=R15(RES_1206)
Added Component: Designator=R16(RESC2113X0805N)
Added Component: Designator=R17(RES_1206)
Added Component: Designator=R18(RESC2113X0805N)
Added Component: Designator=R19(RES_1206)
Added Component: Designator=R20(RESC2113X0805N)
Added Component: Designator=R21(RESC2113X0805N)
Added Component: Designator=R22(RES_1206)
Added Component: Designator=R23(RESC2113X0805N)
Added Component: Designator=R24(RESC2113X0805N)
Added Component: Designator=R25(RESC2113X0805N)
Added Component: Designator=R26(RESC2113X0805N)
Added Component: Designator=R27(RESC2113X0805N)
Added Component: Designator=R28(RES_1206)
Added Component: Designator=R29(RESC2113X0805N)
Added Component: Designator=U1(44A_N)
Added Component: Designator=UC1(SOIC127P600X175-16N_SO16)
Added Component: Designator=UC2(SOIC127P1030X265-16N_SOIC_W)
Added Component: Designator=UC3(SOIC127P600X175-8N_SOIC_SO8)
Added Component: Designator=VR1(var1206)
Added Component: Designator=VR2(var1206)
Added Component: Designator=VR3(var1206)
Added Component: Designator=VR4(var1206)
Added Component: Designator=VR5(var1206)
Added Component: Designator=VR6(var1206)
Added Component: Designator=VR7(var1206)
Added Component: Designator=VR8(var1206)
Added Component: Designator=ZQ1(ZQ_1)
Added Pin To Net: NetName=+5V_I Pin=C7-1
Added Pin To Net: NetName=+5V_I Pin=C8-1
Added Pin To Net: NetName=+5V_I Pin=C10-1
Added Pin To Net: NetName=+5V_I Pin=C11-2
Added Pin To Net: NetName=+5V_I Pin=PW2-5
Added Pin To Net: NetName=+5V_I Pin=R22-1
Added Pin To Net: NetName=+5V_I Pin=R23-1
Added Pin To Net: NetName=+5V_I Pin=R24-2
Added Pin To Net: NetName=+5V_I Pin=UC2-10
Added Pin To Net: NetName=+5V_I Pin=UC2-16
Added Pin To Net: NetName=+5V_I Pin=UC3-8
Added Net: Name=+5V_I
Added Pin To Net: NetName=+5V Pin=C5-1
Added Pin To Net: NetName=+5V Pin=C6-1
Added Pin To Net: NetName=+5V Pin=C9-1
Added Pin To Net: NetName=+5V Pin=C15-1
Added Pin To Net: NetName=+5V Pin=C16-1
Added Pin To Net: NetName=+5V Pin=ISP-2
Added Pin To Net: NetName=+5V Pin=L2-2
Added Pin To Net: NetName=+5V Pin=OP1-4
Added Pin To Net: NetName=+5V Pin=OP2-4
Added Pin To Net: NetName=+5V Pin=OP3-4
Added Pin To Net: NetName=+5V Pin=OP4-4
Added Pin To Net: NetName=+5V Pin=OP5-4
Added Pin To Net: NetName=+5V Pin=OP6-4
Added Pin To Net: NetName=+5V Pin=OP7-4
Added Pin To Net: NetName=+5V Pin=OP8-4
Added Pin To Net: NetName=+5V Pin=OP9-4
Added Pin To Net: NetName=+5V Pin=PW2-1
Added Pin To Net: NetName=+5V Pin=R20-2
Added Pin To Net: NetName=+5V Pin=R29-2
Added Pin To Net: NetName=+5V Pin=U1-5
Added Pin To Net: NetName=+5V Pin=U1-17
Added Pin To Net: NetName=+5V Pin=U1-27
Added Pin To Net: NetName=+5V Pin=U1-29
Added Pin To Net: NetName=+5V Pin=U1-38
Added Pin To Net: NetName=+5V Pin=UC2-1
Added Pin To Net: NetName=+5V Pin=UC2-7
Added Net: Name=+5V
Added Pin To Net: NetName=+24V_EX Pin=D1-2
Added Pin To Net: NetName=+24V_EX Pin=D2-2
Added Pin To Net: NetName=+24V_EX Pin=D3-2
Added Pin To Net: NetName=+24V_EX Pin=D4-2
Added Pin To Net: NetName=+24V_EX Pin=D5-2
Added Pin To Net: NetName=+24V_EX Pin=D6-2
Added Pin To Net: NetName=+24V_EX Pin=D7-2
Added Pin To Net: NetName=+24V_EX Pin=D8-2
Added Pin To Net: NetName=+24V_EX Pin=D9-1
Added Pin To Net: NetName=+24V_EX Pin=D10-2
Added Pin To Net: NetName=+24V_EX Pin=J1-4
Added Pin To Net: NetName=+24V_EX Pin=R17-1
Added Net: Name=+24V_EX
Added Pin To Net: NetName=+24V Pin=C2-1
Added Pin To Net: NetName=+24V Pin=C3-1
Added Pin To Net: NetName=+24V Pin=D11-2
Added Pin To Net: NetName=+24V Pin=D12-1
Added Pin To Net: NetName=+24V Pin=IC1-6
Added Pin To Net: NetName=+24V Pin=P1-1
Added Pin To Net: NetName=+24V Pin=P2-1
Added Pin To Net: NetName=+24V Pin=P3-1
Added Pin To Net: NetName=+24V Pin=P4-1
Added Pin To Net: NetName=+24V Pin=P5-1
Added Pin To Net: NetName=+24V Pin=P6-1
Added Pin To Net: NetName=+24V Pin=R19-2
Added Pin To Net: NetName=+24V Pin=UC1-9
Added Net: Name=+24V
Added Pin To Net: NetName=A Pin=JP1-1
Added Pin To Net: NetName=A Pin=R27-1
Added Net: Name=A
Added Pin To Net: NetName=B Pin=R26-1
Added Pin To Net: NetName=B Pin=R28-1
Added Net: Name=B
Added Pin To Net: NetName=DI0 Pin=OP1-3
Added Pin To Net: NetName=DI0 Pin=R2-1
Added Pin To Net: NetName=DI0 Pin=U1-37
Added Net: Name=DI0
Added Pin To Net: NetName=DI1 Pin=OP2-3
Added Pin To Net: NetName=DI1 Pin=R4-1
Added Pin To Net: NetName=DI1 Pin=U1-36
Added Net: Name=DI1
Added Pin To Net: NetName=DI2 Pin=OP3-3
Added Pin To Net: NetName=DI2 Pin=R6-1
Added Pin To Net: NetName=DI2 Pin=U1-35
Added Net: Name=DI2
Added Pin To Net: NetName=DI3 Pin=OP4-3
Added Pin To Net: NetName=DI3 Pin=R8-1
Added Pin To Net: NetName=DI3 Pin=U1-34
Added Net: Name=DI3
Added Pin To Net: NetName=DI4 Pin=OP5-3
Added Pin To Net: NetName=DI4 Pin=R10-1
Added Pin To Net: NetName=DI4 Pin=U1-33
Added Net: Name=DI4
Added Pin To Net: NetName=DI5 Pin=OP6-3
Added Pin To Net: NetName=DI5 Pin=R12-1
Added Pin To Net: NetName=DI5 Pin=U1-32
Added Net: Name=DI5
Added Pin To Net: NetName=DI6 Pin=OP7-3
Added Pin To Net: NetName=DI6 Pin=R14-1
Added Pin To Net: NetName=DI6 Pin=U1-31
Added Net: Name=DI6
Added Pin To Net: NetName=DI7 Pin=OP8-3
Added Pin To Net: NetName=DI7 Pin=R16-1
Added Pin To Net: NetName=DI7 Pin=U1-30
Added Net: Name=DI7
Added Pin To Net: NetName=DIN_0 Pin=J1-12
Added Pin To Net: NetName=DIN_0 Pin=R1-1
Added Pin To Net: NetName=DIN_0 Pin=VR1-2
Added Net: Name=DIN_0
Added Pin To Net: NetName=DIN_1 Pin=J1-11
Added Pin To Net: NetName=DIN_1 Pin=R3-1
Added Pin To Net: NetName=DIN_1 Pin=VR2-2
Added Net: Name=DIN_1
Added Pin To Net: NetName=DIN_2 Pin=J1-10
Added Pin To Net: NetName=DIN_2 Pin=R5-1
Added Pin To Net: NetName=DIN_2 Pin=VR3-2
Added Net: Name=DIN_2
Added Pin To Net: NetName=DIN_3 Pin=J1-9
Added Pin To Net: NetName=DIN_3 Pin=R7-1
Added Pin To Net: NetName=DIN_3 Pin=VR4-2
Added Net: Name=DIN_3
Added Pin To Net: NetName=DIN_4 Pin=J1-8
Added Pin To Net: NetName=DIN_4 Pin=R9-1
Added Pin To Net: NetName=DIN_4 Pin=VR5-2
Added Net: Name=DIN_4
Added Pin To Net: NetName=DIN_5 Pin=J1-7
Added Pin To Net: NetName=DIN_5 Pin=R11-1
Added Pin To Net: NetName=DIN_5 Pin=VR6-2
Added Net: Name=DIN_5
Added Pin To Net: NetName=DIN_6 Pin=J1-6
Added Pin To Net: NetName=DIN_6 Pin=R13-1
Added Pin To Net: NetName=DIN_6 Pin=VR7-2
Added Net: Name=DIN_6
Added Pin To Net: NetName=DIN_7 Pin=J1-5
Added Pin To Net: NetName=DIN_7 Pin=R15-1
Added Pin To Net: NetName=DIN_7 Pin=VR8-2
Added Net: Name=DIN_7
Added Pin To Net: NetName=DO0 Pin=U1-19
Added Pin To Net: NetName=DO0 Pin=UC1-1
Added Net: Name=DO0
Added Pin To Net: NetName=DO1 Pin=U1-20
Added Pin To Net: NetName=DO1 Pin=UC1-2
Added Net: Name=DO1
Added Pin To Net: NetName=DO2 Pin=U1-21
Added Pin To Net: NetName=DO2 Pin=UC1-3
Added Net: Name=DO2
Added Pin To Net: NetName=DO3 Pin=U1-22
Added Pin To Net: NetName=DO3 Pin=UC1-4
Added Net: Name=DO3
Added Pin To Net: NetName=DO4 Pin=U1-23
Added Pin To Net: NetName=DO4 Pin=UC1-5
Added Net: Name=DO4
Added Pin To Net: NetName=DO5 Pin=U1-24
Added Pin To Net: NetName=DO5 Pin=UC1-6
Added Net: Name=DO5
Added Pin To Net: NetName=E_GND Pin=F2-2
Added Net: Name=E_GND
Added Pin To Net: NetName=GND_EX Pin=C1-2
Added Pin To Net: NetName=GND_EX Pin=D1-1
Added Pin To Net: NetName=GND_EX Pin=D2-1
Added Pin To Net: NetName=GND_EX Pin=D3-1
Added Pin To Net: NetName=GND_EX Pin=D4-1
Added Pin To Net: NetName=GND_EX Pin=D5-1
Added Pin To Net: NetName=GND_EX Pin=D6-1
Added Pin To Net: NetName=GND_EX Pin=D7-1
Added Pin To Net: NetName=GND_EX Pin=D8-1
Added Pin To Net: NetName=GND_EX Pin=D9-2
Added Pin To Net: NetName=GND_EX Pin=D10-1
Added Pin To Net: NetName=GND_EX Pin=OP1-2
Added Pin To Net: NetName=GND_EX Pin=OP2-2
Added Pin To Net: NetName=GND_EX Pin=OP3-2
Added Pin To Net: NetName=GND_EX Pin=OP4-2
Added Pin To Net: NetName=GND_EX Pin=OP5-2
Added Pin To Net: NetName=GND_EX Pin=OP6-2
Added Pin To Net: NetName=GND_EX Pin=OP7-2
Added Pin To Net: NetName=GND_EX Pin=OP8-2
Added Pin To Net: NetName=GND_EX Pin=OP9-2
Added Pin To Net: NetName=GND_EX Pin=VR1-1
Added Pin To Net: NetName=GND_EX Pin=VR2-1
Added Pin To Net: NetName=GND_EX Pin=VR3-1
Added Pin To Net: NetName=GND_EX Pin=VR4-1
Added Pin To Net: NetName=GND_EX Pin=VR5-1
Added Pin To Net: NetName=GND_EX Pin=VR6-1
Added Pin To Net: NetName=GND_EX Pin=VR7-1
Added Pin To Net: NetName=GND_EX Pin=VR8-1
Added Net: Name=GND_EX
Added Pin To Net: NetName=GND_I Pin=C7-2
Added Pin To Net: NetName=GND_I Pin=C8-2
Added Pin To Net: NetName=GND_I Pin=C10-2
Added Pin To Net: NetName=GND_I Pin=C11-1
Added Pin To Net: NetName=GND_I Pin=D14-3
Added Pin To Net: NetName=GND_I Pin=PW2-3
Added Pin To Net: NetName=GND_I Pin=R22-2
Added Pin To Net: NetName=GND_I Pin=R25-2
Added Pin To Net: NetName=GND_I Pin=UC2-9
Added Pin To Net: NetName=GND_I Pin=UC2-11
Added Pin To Net: NetName=GND_I Pin=UC2-15
Added Pin To Net: NetName=GND_I Pin=UC3-5
Added Net: Name=GND_I
Added Pin To Net: NetName=GND Pin=C2-2
Added Pin To Net: NetName=GND Pin=C3-2
Added Pin To Net: NetName=GND Pin=C4-2
Added Pin To Net: NetName=GND Pin=C5-2
Added Pin To Net: NetName=GND Pin=C6-2
Added Pin To Net: NetName=GND Pin=C9-2
Added Pin To Net: NetName=GND Pin=C12-2
Added Pin To Net: NetName=GND Pin=C13-2
Added Pin To Net: NetName=GND Pin=C14-2
Added Pin To Net: NetName=GND Pin=C15-2
Added Pin To Net: NetName=GND Pin=C16-2
Added Pin To Net: NetName=GND Pin=D12-2
Added Pin To Net: NetName=GND Pin=D13-1
Added Pin To Net: NetName=GND Pin=IC1-4
Added Pin To Net: NetName=GND Pin=ISP-6
Added Pin To Net: NetName=GND Pin=J2-11
Added Pin To Net: NetName=GND Pin=JP11-2
Added Pin To Net: NetName=GND Pin=PW2-2
Added Pin To Net: NetName=GND Pin=R2-2
Added Pin To Net: NetName=GND Pin=R4-2
Added Pin To Net: NetName=GND Pin=R6-2
Added Pin To Net: NetName=GND Pin=R8-2
Added Pin To Net: NetName=GND Pin=R10-2
Added Pin To Net: NetName=GND Pin=R12-2
Added Pin To Net: NetName=GND Pin=R14-2
Added Pin To Net: NetName=GND Pin=R16-2
Added Pin To Net: NetName=GND Pin=R18-2
Added Pin To Net: NetName=GND Pin=R21-1
Added Pin To Net: NetName=GND Pin=U1-6
Added Pin To Net: NetName=GND Pin=U1-18
Added Pin To Net: NetName=GND Pin=U1-28
Added Pin To Net: NetName=GND Pin=U1-39
Added Pin To Net: NetName=GND Pin=UC1-8
Added Pin To Net: NetName=GND Pin=UC2-2
Added Pin To Net: NetName=GND Pin=UC2-6
Added Pin To Net: NetName=GND Pin=UC2-8
Added Net: Name=GND
Added Pin To Net: NetName=MOSI Pin=ISP-4
Added Pin To Net: NetName=MOSI Pin=U1-1
Added Net: Name=MOSI
Added Pin To Net: NetName=MOSO Pin=ISP-1
Added Pin To Net: NetName=MOSO Pin=U1-2
Added Net: Name=MOSO
Added Pin To Net: NetName=NetC1_1 Pin=C1-1
Added Pin To Net: NetName=NetC1_1 Pin=D10-3
Added Pin To Net: NetName=NetC1_1 Pin=OP9-1
Added Pin To Net: NetName=NetC1_1 Pin=R17-2
Added Net: Name=NetC1_1
Added Pin To Net: NetName=NetC4_1 Pin=C4-1
Added Pin To Net: NetName=NetC4_1 Pin=IC1-3
Added Net: Name=NetC4_1
Added Pin To Net: NetName=NetC13_1 Pin=C13-1
Added Pin To Net: NetName=NetC13_1 Pin=U1-7
Added Pin To Net: NetName=NetC13_1 Pin=ZQ1-1
Added Net: Name=NetC13_1
Added Pin To Net: NetName=NetC14_1 Pin=C14-1
Added Pin To Net: NetName=NetC14_1 Pin=U1-8
Added Pin To Net: NetName=NetC14_1 Pin=ZQ1-2
Added Net: Name=NetC14_1
Added Pin To Net: NetName=NetD1_3 Pin=D1-3
Added Pin To Net: NetName=NetD1_3 Pin=OP1-1
Added Pin To Net: NetName=NetD1_3 Pin=R1-2
Added Net: Name=NetD1_3
Added Pin To Net: NetName=NetD2_3 Pin=D2-3
Added Pin To Net: NetName=NetD2_3 Pin=OP2-1
Added Pin To Net: NetName=NetD2_3 Pin=R3-2
Added Net: Name=NetD2_3
Added Pin To Net: NetName=NetD3_3 Pin=D3-3
Added Pin To Net: NetName=NetD3_3 Pin=OP3-1
Added Pin To Net: NetName=NetD3_3 Pin=R5-2
Added Net: Name=NetD3_3
Added Pin To Net: NetName=NetD4_3 Pin=D4-3
Added Pin To Net: NetName=NetD4_3 Pin=OP4-1
Added Pin To Net: NetName=NetD4_3 Pin=R7-2
Added Net: Name=NetD4_3
Added Pin To Net: NetName=NetD5_3 Pin=D5-3
Added Pin To Net: NetName=NetD5_3 Pin=OP5-1
Added Pin To Net: NetName=NetD5_3 Pin=R9-2
Added Net: Name=NetD5_3
Added Pin To Net: NetName=NetD6_3 Pin=D6-3
Added Pin To Net: NetName=NetD6_3 Pin=OP6-1
Added Pin To Net: NetName=NetD6_3 Pin=R11-2
Added Net: Name=NetD6_3
Added Pin To Net: NetName=NetD7_3 Pin=D7-3
Added Pin To Net: NetName=NetD7_3 Pin=OP7-1
Added Pin To Net: NetName=NetD7_3 Pin=R13-2
Added Net: Name=NetD7_3
Added Pin To Net: NetName=NetD8_3 Pin=D8-3
Added Pin To Net: NetName=NetD8_3 Pin=OP8-1
Added Pin To Net: NetName=NetD8_3 Pin=R15-2
Added Net: Name=NetD8_3
Added Pin To Net: NetName=NetD11_1 Pin=D11-1
Added Pin To Net: NetName=NetD11_1 Pin=F1-1
Added Net: Name=NetD11_1
Added Pin To Net: NetName=NetD13_2 Pin=D13-2
Added Pin To Net: NetName=NetD13_2 Pin=IC1-2
Added Pin To Net: NetName=NetD13_2 Pin=L2-1
Added Net: Name=NetD13_2
Added Pin To Net: NetName=NetD14_1 Pin=D14-1
Added Pin To Net: NetName=NetD14_1 Pin=R25-1
Added Pin To Net: NetName=NetD14_1 Pin=R26-2
Added Pin To Net: NetName=NetD14_1 Pin=UC3-7
Added Net: Name=NetD14_1
Added Pin To Net: NetName=NetD14_2 Pin=D14-2
Added Pin To Net: NetName=NetD14_2 Pin=R24-1
Added Pin To Net: NetName=NetD14_2 Pin=R27-2
Added Pin To Net: NetName=NetD14_2 Pin=UC3-6
Added Net: Name=NetD14_2
Added Pin To Net: NetName=NetF2_1 Pin=F2-1
Added Pin To Net: NetName=NetF2_1 Pin=J1-3
Added Net: Name=NetF2_1
Added Pin To Net: NetName=NetIC1_1 Pin=IC1-1
Added Pin To Net: NetName=NetIC1_1 Pin=IC1-7
Added Pin To Net: NetName=NetIC1_1 Pin=IC1-8
Added Pin To Net: NetName=NetIC1_1 Pin=R19-1
Added Net: Name=NetIC1_1
Added Pin To Net: NetName=NetIC1_5 Pin=IC1-5
Added Pin To Net: NetName=NetIC1_5 Pin=R20-1
Added Pin To Net: NetName=NetIC1_5 Pin=R21-2
Added Net: Name=NetIC1_5
Added Pin To Net: NetName=NetJ2_1 Pin=J2-1
Added Pin To Net: NetName=NetJ2_1 Pin=P1-3
Added Net: Name=NetJ2_1
Added Pin To Net: NetName=NetJ2_2 Pin=J2-2
Added Pin To Net: NetName=NetJ2_2 Pin=P1-2
Added Pin To Net: NetName=NetJ2_2 Pin=P1-4
Added Pin To Net: NetName=NetJ2_2 Pin=P2-2
Added Pin To Net: NetName=NetJ2_2 Pin=P2-4
Added Net: Name=NetJ2_2
Added Pin To Net: NetName=NetJ2_3 Pin=J2-3
Added Pin To Net: NetName=NetJ2_3 Pin=P2-3
Added Net: Name=NetJ2_3
Added Pin To Net: NetName=NetJ2_4 Pin=J2-4
Added Pin To Net: NetName=NetJ2_4 Pin=P3-3
Added Net: Name=NetJ2_4
Added Pin To Net: NetName=NetJ2_5 Pin=J2-5
Added Pin To Net: NetName=NetJ2_5 Pin=P3-2
Added Pin To Net: NetName=NetJ2_5 Pin=P3-4
Added Pin To Net: NetName=NetJ2_5 Pin=P4-2
Added Pin To Net: NetName=NetJ2_5 Pin=P4-4
Added Net: Name=NetJ2_5
Added Pin To Net: NetName=NetJ2_6 Pin=J2-6
Added Pin To Net: NetName=NetJ2_6 Pin=P4-3
Added Net: Name=NetJ2_6
Added Pin To Net: NetName=NetJ2_7 Pin=J2-7
Added Pin To Net: NetName=NetJ2_7 Pin=P5-2
Added Pin To Net: NetName=NetJ2_7 Pin=P5-4
Added Net: Name=NetJ2_7
Added Pin To Net: NetName=NetJ2_8 Pin=J2-8
Added Pin To Net: NetName=NetJ2_8 Pin=P5-3
Added Net: Name=NetJ2_8
Added Pin To Net: NetName=NetJ2_9 Pin=J2-9
Added Pin To Net: NetName=NetJ2_9 Pin=P6-2
Added Pin To Net: NetName=NetJ2_9 Pin=P6-4
Added Net: Name=NetJ2_9
Added Pin To Net: NetName=NetJ2_10 Pin=J2-10
Added Pin To Net: NetName=NetJ2_10 Pin=P6-3
Added Net: Name=NetJ2_10
Added Pin To Net: NetName=NetJP1_2 Pin=JP1-2
Added Pin To Net: NetName=NetJP1_2 Pin=R28-2
Added Net: Name=NetJP1_2
Added Pin To Net: NetName=NetJP11_1 Pin=JP11-1
Added Pin To Net: NetName=NetJP11_1 Pin=U1-44
Added Net: Name=NetJP11_1
Added Pin To Net: NetName=NetP1_5 Pin=P1-5
Added Pin To Net: NetName=NetP1_5 Pin=UC1-16
Added Net: Name=NetP1_5
Added Pin To Net: NetName=NetP2_5 Pin=P2-5
Added Pin To Net: NetName=NetP2_5 Pin=UC1-15
Added Net: Name=NetP2_5
Added Pin To Net: NetName=NetP3_5 Pin=P3-5
Added Pin To Net: NetName=NetP3_5 Pin=UC1-14
Added Net: Name=NetP3_5
Added Pin To Net: NetName=NetP4_5 Pin=P4-5
Added Pin To Net: NetName=NetP4_5 Pin=UC1-13
Added Net: Name=NetP4_5
Added Pin To Net: NetName=NetP5_5 Pin=P5-5
Added Pin To Net: NetName=NetP5_5 Pin=UC1-12
Added Net: Name=NetP5_5
Added Pin To Net: NetName=NetP6_5 Pin=P6-5
Added Pin To Net: NetName=NetP6_5 Pin=UC1-11
Added Net: Name=NetP6_5
Added Pin To Net: NetName=NetR23_2 Pin=R23-2
Added Pin To Net: NetName=NetR23_2 Pin=UC2-12
Added Pin To Net: NetName=NetR23_2 Pin=UC3-1
Added Net: Name=NetR23_2
Added Pin To Net: NetName=NetUC2_13 Pin=UC2-13
Added Pin To Net: NetName=NetUC2_13 Pin=UC3-2
Added Pin To Net: NetName=NetUC2_13 Pin=UC3-3
Added Net: Name=NetUC2_13
Added Pin To Net: NetName=NetUC2_14 Pin=UC2-14
Added Pin To Net: NetName=NetUC2_14 Pin=UC3-4
Added Net: Name=NetUC2_14
Added Pin To Net: NetName=RST Pin=C12-1
Added Pin To Net: NetName=RST Pin=ISP-5
Added Pin To Net: NetName=RST Pin=R29-1
Added Pin To Net: NetName=RST Pin=U1-4
Added Net: Name=RST
Added Pin To Net: NetName=RX Pin=U1-9
Added Pin To Net: NetName=RX Pin=UC2-5
Added Net: Name=RX
Added Pin To Net: NetName=SCK Pin=ISP-3
Added Pin To Net: NetName=SCK Pin=U1-3
Added Net: Name=SCK
Added Pin To Net: NetName=TXE Pin=U1-11
Added Pin To Net: NetName=TXE Pin=UC2-4
Added Net: Name=TXE
Added Pin To Net: NetName=TX Pin=U1-10
Added Pin To Net: NetName=TX Pin=UC2-3
Added Net: Name=TX
Added Pin To Net: NetName=UIN Pin=OP9-3
Added Pin To Net: NetName=UIN Pin=R18-1
Added Pin To Net: NetName=UIN Pin=U1-40
Added Net: Name=UIN
Added Pin To Net: NetName=UPP Pin=F1-2
Added Pin To Net: NetName=UPP Pin=J2-12
Added Net: Name=UPP
Added Class: Name=sem8700
Added Room: Name=sem8700
