Removed Pin From Net: NetName=+24V Pin=P1-1
Removed Pin From Net: NetName=+24V Pin=P2-1
Removed Pin From Net: NetName=+24V Pin=P3-1
Removed Pin From Net: NetName=+24V Pin=P4-1
Added Pin To Net: NetName=+24V Pin=P1-5
Added Pin To Net: NetName=+24V Pin=P2-5
Added Pin To Net: NetName=+24V Pin=P3-5
Added Pin To Net: NetName=+24V Pin=P4-5
Added Pin To Net: NetName=NetP1_1 Pin=P1-1
Added Pin To Net: NetName=NetP1_1 Pin=UC1-11
Added Net: Name=NetP1_1
Added Pin To Net: NetName=NetP2_1 Pin=P2-1
Added Pin To Net: NetName=NetP2_1 Pin=UC1-12
Added Net: Name=NetP2_1
Added Pin To Net: NetName=NetP3_1 Pin=P3-1
Added Pin To Net: NetName=NetP3_1 Pin=UC1-13
Added Net: Name=NetP3_1
Added Pin To Net: NetName=NetP4_1 Pin=P4-1
Added Pin To Net: NetName=NetP4_1 Pin=UC1-14
Added Net: Name=NetP4_1
Added Room: Name=sem8700
